User not found.
User not found.
User not found.
User not found.
User not found.
User not found.
User not found.
User not found.
User not found.
User not found.
User not found.
User not found.
User not found.
User not found.
User not found.
User not found.
User not found.
User not found.
User not found.
User not found.
User not found.
User not found.
User not found.
User not found.
User not found.
User not found.
User not found.
User not found.
User not found.
User not found.
User not found.
User not found.
User not found.
User not found.
User not found.
User not found.
User not found.
User not found.
User not found.
User not found.
User not found.
User not found.
User not found.
User not found.
User not found.
User not found.
User not found.
User not found.
User not found.
User not found.
User not found.
User not found.
User not found.
User not found.
User not found.
User not found.
User not found.
User not found.
User not found.
User not found.
User not found.
Error save user
SQLSTATE[HY000] [1049] Unknown database 'mvcz-int-shop'
SQLSTATE[HY000] [1049] Unknown database 'mvcz-int-shop'
User not found.
Error check user phone
Error check user phone
Error check user phone
Error check user phone
Error check user phone
Error check user phone
Error check user phone
Error check user phone
Error check user phone
SQLSTATE[42000] [1115] Unknown character set: 'utf8mwqddwqb4'
SQLSTATE[42000] [1115] Unknown character set: 'utf8mwqddwqb4'
getUsers(): Argument #1 ($connection) must be of type PDO, null given, called in C:\OSPanel\domains\tasks.my\practic\30.09.2023.php on line 295
Users not found
saveUser(): Argument #2 ($data) must be of type array, null given, called in C:\OSPanel\domains\tasks.my\practic\30.09.2023.php on line 306
SQLSTATE[42000]: Syntax error or access violation: 1064 You have an error in your SQL syntax; check the manual that corresponds to your MySQL server version for the right syntax to use near 'SELEsCT * FROM users WHERE email='test3@gmail.com'' at line 1
SQLSTATE[42000]: Syntax error or access violation: 1064 You have an error in your SQL syntax; check the manual that corresponds to your MySQL server version for the right syntax to use near 'SELECTs * FROM users WHERE email='test3@gmail.com'' at line 1
SQLSTATE[42000]: Syntax error or access violation: 1064 You have an error in your SQL syntax; check the manual that corresponds to your MySQL server version for the right syntax to use near 'SELECTs * FROM users WHERE email='test3@gmail.com'' at line 1
PDOException: SQLSTATE[42000]: Syntax error or access violation: 1064 You have an error in your SQL syntax; check the manual that corresponds to your MySQL server version for the right syntax to use near 'SELECTs * FROM users WHERE email='test3@gmail.com'' at line 1 in C:\OSPanel\domains\tasks.my\practic\30.09.2023.php:182
Stack trace:
#0 C:\OSPanel\domains\tasks.my\practic\30.09.2023.php(182): PDOStatement->execute()
#1 C:\OSPanel\domains\tasks.my\practic\30.09.2023.php(198): checkUserEmail()
#2 {main}
PDOException: SQLSTATE[42000]: Syntax error or access violation: 1064 You have an error in your SQL syntax; check the manual that corresponds to your MySQL server version for the right syntax to use near 'SELECTs * FROM users WHERE email='test3@gmail.com'' at line 1 in C:\OSPanel\domains\tasks.my\practic\30.09.2023.php:182
Stack trace:
#0 C:\OSPanel\domains\tasks.my\practic\30.09.2023.php(182): PDOStatement->execute()
#1 C:\OSPanel\domains\tasks.my\practic\30.09.2023.php(198): checkUserEmail()
#2 {main}
PDO::quote(): Argument #1 ($string) must be of type string, int given
Error delete user
Error delete user
Error delete user
Error delete user
Error delete user
Error delete user
Error delete user
Error delete user
PDO::quote(): Argument #1 ($string) must be of type string, null given
getUsers(): Argument #1 ($connection) must be of type PDO, null given, called in C:\OSPanel\domains\tasks.my\practic\30_09_2023\30.09.2023.php on line 430
getUsers(): Argument #1 ($connection) must be of type PDO, null given, called in C:\OSPanel\domains\tasks.my\practic\30_09_2023\30.09.2023.php on line 430
getUsers(): Argument #1 ($connection) must be of type PDO, null given, called in C:\OSPanel\domains\tasks.my\practic\30_09_2023\30.09.2023.php on line 430
getUsers(): Argument #1 ($connection) must be of type PDO, null given, called in C:\OSPanel\domains\tasks.my\practic\30_09_2023\30.09.2023.php on line 435
Call to undefined function die()
Users not found
Users not found
Users not found
Users not found
Users not found
SQLSTATE[42000]: Syntax error or access violation: 1064 You have an error in your SQL syntax; check the manual that corresponds to your MySQL server version for the right syntax to use near 'SELECTц * FROM users ORDER BY 'name' DESC' at line 1
Users not found
Users not found
Users not found
Users not found
Users not found
Users not found
Users not found
Users not found
Users not found
Users not found
Users not found
Users not found
Users not found
Users not found
Users not found
Users not found
Users not found
Users not found
Users not found
Users not found
Users not found
Users not found
Users not found
Users not found
Users not found
Users not found
Exception: Users not found in C:\OSPanel\domains\tasks.my\practic\30_09_2023\30.09.2023.php on line 98
Users not found
Exception: Users not found in C:\OSPanel\domains\tasks.my\practic\30_09_2023\30.09.2023.php on line 98
Users not found
Exception: Users not found in C:\OSPanel\domains\tasks.my\practic\30_09_2023\30.09.2023.php on line 98
Users not found
Users not found
Users not found
Users not found
Users not found
Users not found
SQLSTATE[42000]: Syntax error or access violation: 1064 You have an error in your SQL syntax; check the manual that corresponds to your MySQL server version for the right syntax to use near 'SELECTs * FROM users ORDER BY 'name' DESC' at line 1
User not found
SQLSTATE[23000]: Integrity constraint violation: 1048 Column 'name' cannot be null
User not saved
SQLSTATE[HY093]: Invalid parameter number: number of bound variables does not match number of tokens
SQLSTATE[HY093]: Invalid parameter number: number of bound variables does not match number of tokens
User not saved
asddas
asddas
SQLSTATE[42000]: Syntax error or access violation: 1064 You have an error in your SQL syntax; check the manual that corresponds to your MySQL server version for the right syntax to use near 'SELECTw * FROM users WHERE email='\'tezst@gmail.com\'' LIMIT 1' at line 1
User not found
User not found
User not found
User not found
